<?xml version="1.0" encoding="UTF-8"?>
<!-- Generated by org.testng.reporters.JUnitReportReporter -->
<testsuite hostname="DESKTOP-HLTPCGM" failures="0" tests="13" name="TestCases.TestCases_of_CICA" time="472.397" errors="0" timestamp="2024-03-14T12:39:14 IST" skipped="0">
  <testcase classname="TestCases.TestCases_of_CICA" name="Login" time="3.101"/>
  <system-out/>
  <testcase classname="TestCases.TestCases_of_CICA" name="Homepage" time="17.180"/>
  <system-out/>
  <testcase classname="TestCases.TestCases_of_CICA" name="Step_1" time="51.822"/>
  <system-out/>
  <testcase classname="TestCases.TestCases_of_CICA" name="Step_2" time="70.852"/>
  <system-out/>
  <testcase classname="TestCases.TestCases_of_CICA" name="Step_3" time="7.375"/>
  <system-out/>
  <testcase classname="TestCases.TestCases_of_CICA" name="Step_4" time="83.785"/>
  <system-out/>
  <testcase classname="TestCases.TestCases_of_CICA" name="Step_5" time="6.112"/>
  <system-out/>
  <testcase classname="TestCases.TestCases_of_CICA" name="Step_6" time="22.530"/>
  <system-out/>
  <testcase classname="TestCases.TestCases_of_CICA" name="Step_7" time="4.323"/>
  <system-out/>
  <testcase classname="TestCases.TestCases_of_CICA" name="Step_8" time="38.152"/>
  <system-out/>
  <testcase classname="TestCases.TestCases_of_CICA" name="Update" time="12.830"/>
  <system-out/>
  <testcase classname="TestCases.TestCases_of_CICA" name="Step_10" time="143.857"/>
  <system-out/>
  <testcase classname="TestCases.TestCases_of_CICA" name="email_verify" time="10.478"/>
  <system-out/>
</testsuite> <!-- TestCases.TestCases_of_CICA -->
