<?xml version="1.0" encoding="UTF-8"?>
<!-- Generated by org.testng.reporters.JUnitReportReporter -->
<testsuite hostname="DESKTOP-HLTPCGM" failures="0" tests="14" name="TestCases.TestCases_of_CICA" time="535.408" errors="0" timestamp="2024-03-19T18:03:57 IST" skipped="0">
  <testcase classname="TestCases.TestCases_of_CICA" name="Login" time="3.808"/>
  <system-out/>
  <testcase classname="TestCases.TestCases_of_CICA" name="Homepage" time="19.402"/>
  <system-out/>
  <testcase classname="TestCases.TestCases_of_CICA" name="Step_1" time="75.915"/>
  <system-out/>
  <testcase classname="TestCases.TestCases_of_CICA" name="Step_2" time="71.408"/>
  <system-out/>
  <testcase classname="TestCases.TestCases_of_CICA" name="Step_3" time="5.054"/>
  <system-out/>
  <testcase classname="TestCases.TestCases_of_CICA" name="Step_4" time="89.324"/>
  <system-out/>
  <testcase classname="TestCases.TestCases_of_CICA" name="Step_5" time="6.510"/>
  <system-out/>
  <testcase classname="TestCases.TestCases_of_CICA" name="Step_6" time="40.699"/>
  <system-out/>
  <testcase classname="TestCases.TestCases_of_CICA" name="Step_7" time="4.566"/>
  <system-out/>
  <testcase classname="TestCases.TestCases_of_CICA" name="Step_8" time="41.590"/>
  <system-out/>
  <testcase classname="TestCases.TestCases_of_CICA" name="Update" time="15.895"/>
  <system-out/>
  <testcase classname="TestCases.TestCases_of_CICA" name="Step_10" time="145.193"/>
  <system-out/>
  <testcase classname="TestCases.TestCases_of_CICA" name="email_verify" time="12.280"/>
  <system-out/>
  <testcase classname="TestCases.TestCases_of_CICA" name="application" time="3.764"/>
  <system-out/>
</testsuite> <!-- TestCases.TestCases_of_CICA -->
