<?xml version="1.0" encoding="UTF-8"?>
<!-- Generated by org.testng.reporters.JUnitReportReporter -->
<testsuite hostname="DESKTOP-HLTPCGM" failures="0" tests="1" name="TestCases.TestCases_of_CIC01" time="62.714" errors="0" timestamp="2024-03-19T15:09:51 IST" skipped="0">
  <testcase classname="TestCases.TestCases_of_CIC01" name="Login" time="62.714"/>
  <system-out/>
</testsuite> <!-- TestCases.TestCases_of_CIC01 -->
